c:\users\hangsun\source\repos\rasterization\rasterization\debug\vc142.pdb
c:\users\hangsun\source\repos\rasterization\rasterization\debug\vc142.idb
c:\users\hangsun\source\repos\rasterization\rasterization\debug\tgaimage.obj
c:\users\hangsun\source\repos\rasterization\rasterization\debug\model.obj
c:\users\hangsun\source\repos\rasterization\rasterization\debug\main.obj
c:\users\hangsun\source\repos\rasterization\rasterization\debug\geometry.obj
c:\users\hangsun\source\repos\rasterization\rasterization\debug\our_gl.obj
c:\users\hangsun\source\repos\rasterization\rasterization\debug\rasterization.ilk
c:\users\hangsun\source\repos\rasterization\debug\rasterization.exe
c:\users\hangsun\source\repos\rasterization\debug\rasterization.pdb
c:\users\hangsun\source\repos\rasterization\rasterization\debug\rasterization.tlog\cl.command.1.tlog
c:\users\hangsun\source\repos\rasterization\rasterization\debug\rasterization.tlog\cl.read.1.tlog
c:\users\hangsun\source\repos\rasterization\rasterization\debug\rasterization.tlog\cl.write.1.tlog
c:\users\hangsun\source\repos\rasterization\rasterization\debug\rasterization.tlog\link-cvtres.read.1.tlog
c:\users\hangsun\source\repos\rasterization\rasterization\debug\rasterization.tlog\link-cvtres.write.1.tlog
c:\users\hangsun\source\repos\rasterization\rasterization\debug\rasterization.tlog\link-rc.read.1.tlog
c:\users\hangsun\source\repos\rasterization\rasterization\debug\rasterization.tlog\link-rc.write.1.tlog
c:\users\hangsun\source\repos\rasterization\rasterization\debug\rasterization.tlog\link.43220-cvtres.read.1.tlog
c:\users\hangsun\source\repos\rasterization\rasterization\debug\rasterization.tlog\link.43220-cvtres.write.1.tlog
c:\users\hangsun\source\repos\rasterization\rasterization\debug\rasterization.tlog\link.43220-rc.read.1.tlog
c:\users\hangsun\source\repos\rasterization\rasterization\debug\rasterization.tlog\link.43220-rc.write.1.tlog
c:\users\hangsun\source\repos\rasterization\rasterization\debug\rasterization.tlog\link.43220.read.1.tlog
c:\users\hangsun\source\repos\rasterization\rasterization\debug\rasterization.tlog\link.43220.write.1.tlog
c:\users\hangsun\source\repos\rasterization\rasterization\debug\rasterization.tlog\link.command.1.tlog
c:\users\hangsun\source\repos\rasterization\rasterization\debug\rasterization.tlog\link.read.1.tlog
c:\users\hangsun\source\repos\rasterization\rasterization\debug\rasterization.tlog\link.write.1.tlog
